<?xml version="1.0" encoding="UTF-8" ?>
<testsuite failures="0" time="0.041" errors="0" skipped="0" tests="2" name="com.ctb.utils.MSSRequestScoreTest">
  <properties>
    <property name="java.runtime.name" value="Java(TM) SE Runtime Environment"/>
    <property name="sun.boot.library.path" value="C:\Program Files\Java\jdk1.6.0_31\jre\bin"/>
    <property name="java.vm.version" value="20.6-b01"/>
    <property name="java.vm.vendor" value="Sun Microsystems Inc."/>
    <property name="java.vendor.url" value="http://java.sun.com/"/>
    <property name="path.separator" value=";"/>
    <property name="java.vm.name" value="Java HotSpot(TM) Client VM"/>
    <property name="file.encoding.pkg" value="sun.io"/>
    <property name="user.country" value="US"/>
    <property name="sun.java.launcher" value="SUN_STANDARD"/>
    <property name="sun.os.patch.level" value="Service Pack 1"/>
    <property name="java.vm.specification.name" value="Java Virtual Machine Specification"/>
    <property name="user.dir" value="C:\Workspace_MVN_Utility\MosaicTEIResposeExtract"/>
    <property name="java.runtime.version" value="1.6.0_31-b05"/>
    <property name="java.awt.graphicsenv" value="sun.awt.Win32GraphicsEnvironment"/>
    <property name="basedir" value="C:\Workspace_MVN_Utility\MosaicTEIResposeExtract"/>
    <property name="java.endorsed.dirs" value="C:\Program Files\Java\jdk1.6.0_31\jre\lib\endorsed"/>
    <property name="os.arch" value="x86"/>
    <property name="surefire.real.class.path" value="C:\Workspace_MVN_Utility\MosaicTEIResposeExtract\target\surefire\surefirebooter5555279303228993248.jar"/>
    <property name="java.io.tmpdir" value="C:\Users\549435~1.IND\AppData\Local\Temp\"/>
    <property name="line.separator" value="
"/>
    <property name="java.vm.specification.vendor" value="Sun Microsystems Inc."/>
    <property name="user.variant" value=""/>
    <property name="os.name" value="Windows 7"/>
    <property name="sun.jnu.encoding" value="Cp1252"/>
    <property name="java.library.path" value="C:\Program Files\Java\jdk1.6.0_31\jre\bin;C:\WINDOWS\Sun\Java\bin;C:\WINDOWS\system32;C:\WINDOWS;C:/Program Files/Java/jdk1.6.0_31/bin/../jre/bin/client;C:/Program Files/Java/jdk1.6.0_31/bin/../jre/bin;C:/Program Files/Java/jdk1.6.0_31/bin/../jre/lib/i386;C:\Program Files\Java\jdk1.6.0_31\bin;D:\Oracle\product\10.1.0\Client_1\bin;D:\Oracle\product\10.1.0\Client_1\jre\1.4.2\bin\client;D:\Oracle\product\10.1.0\Client_1\jre\1.4.2\bin;C:\WINDOWS\system32;C:\WINDOWS;C:\WINDOWS\System32\Wbem;C:\WINDOWS\System32\WindowsPowerShell\v1.0\;C:\Program Files\Intel\OpenCL SDK\2.0\bin\x86;C:\Apache_Tools\apache-maven-3.0.2\bin;C:\eclipse_maven\eclipse-luna;;."/>
    <property name="surefire.test.class.path" value="C:\Workspace_MVN_Utility\MosaicTEIResposeExtract\target\test-classes;C:\Workspace_MVN_Utility\MosaicTEIResposeExtract\target\classes;D:\.m2\3.0.2\repository\junit\junit\4.12\junit-4.12.jar;D:\.m2\3.0.2\repository\org\hamcrest\hamcrest-core\1.3\hamcrest-core-1.3.jar;D:\.m2\3.0.2\repository\com\google\code\gson\gson\1.5\gson-1.5.jar;D:\.m2\3.0.2\repository\org\jdom\jdom2\2.0.5\jdom2-2.0.5.jar;D:\.m2\3.0.2\repository\ojdbc\ojdbc\14\ojdbc-14.jar;D:\.m2\3.0.2\repository\net\sf\ehcache\ehcache\2.8.3\ehcache-2.8.3.jar;D:\.m2\3.0.2\repository\org\slf4j\slf4j-api\1.6.6\slf4j-api-1.6.6.jar;D:\.m2\3.0.2\repository\org\apache\poi\poi\3.1-FINAL\poi-3.1-FINAL.jar;D:\.m2\3.0.2\repository\commons-logging\commons-logging\1.1\commons-logging-1.1.jar;D:\.m2\3.0.2\repository\log4j\log4j\1.2.13\log4j-1.2.13.jar;D:\.m2\3.0.2\repository\org\slf4j\slf4j-simple\1.6.1\slf4j-simple-1.6.1.jar;"/>
    <property name="java.specification.name" value="Java Platform API Specification"/>
    <property name="java.class.version" value="50.0"/>
    <property name="sun.management.compiler" value="HotSpot Client Compiler"/>
    <property name="os.version" value="6.1"/>
    <property name="user.home" value="C:\Users\549435.INDIA"/>
    <property name="user.timezone" value=""/>
    <property name="java.awt.printerjob" value="sun.awt.windows.WPrinterJob"/>
    <property name="java.specification.version" value="1.6"/>
    <property name="file.encoding" value="Cp1252"/>
    <property name="user.name" value="549435"/>
    <property name="java.class.path" value="C:\Workspace_MVN_Utility\MosaicTEIResposeExtract\target\test-classes;C:\Workspace_MVN_Utility\MosaicTEIResposeExtract\target\classes;D:\.m2\3.0.2\repository\junit\junit\4.12\junit-4.12.jar;D:\.m2\3.0.2\repository\org\hamcrest\hamcrest-core\1.3\hamcrest-core-1.3.jar;D:\.m2\3.0.2\repository\com\google\code\gson\gson\1.5\gson-1.5.jar;D:\.m2\3.0.2\repository\org\jdom\jdom2\2.0.5\jdom2-2.0.5.jar;D:\.m2\3.0.2\repository\ojdbc\ojdbc\14\ojdbc-14.jar;D:\.m2\3.0.2\repository\net\sf\ehcache\ehcache\2.8.3\ehcache-2.8.3.jar;D:\.m2\3.0.2\repository\org\slf4j\slf4j-api\1.6.6\slf4j-api-1.6.6.jar;D:\.m2\3.0.2\repository\org\apache\poi\poi\3.1-FINAL\poi-3.1-FINAL.jar;D:\.m2\3.0.2\repository\commons-logging\commons-logging\1.1\commons-logging-1.1.jar;D:\.m2\3.0.2\repository\log4j\log4j\1.2.13\log4j-1.2.13.jar;D:\.m2\3.0.2\repository\org\slf4j\slf4j-simple\1.6.1\slf4j-simple-1.6.1.jar;"/>
    <property name="java.vm.specification.version" value="1.0"/>
    <property name="sun.arch.data.model" value="32"/>
    <property name="java.home" value="C:\Program Files\Java\jdk1.6.0_31\jre"/>
    <property name="sun.java.command" value="C:\Workspace_MVN_Utility\MosaicTEIResposeExtract\target\surefire\surefirebooter5555279303228993248.jar C:\Workspace_MVN_Utility\MosaicTEIResposeExtract\target\surefire\surefire596080099788267284tmp C:\Workspace_MVN_Utility\MosaicTEIResposeExtract\target\surefire\surefire8720891154570406069tmp"/>
    <property name="java.specification.vendor" value="Sun Microsystems Inc."/>
    <property name="user.language" value="en"/>
    <property name="awt.toolkit" value="sun.awt.windows.WToolkit"/>
    <property name="java.vm.info" value="mixed mode, sharing"/>
    <property name="java.version" value="1.6.0_31"/>
    <property name="java.ext.dirs" value="C:\Program Files\Java\jdk1.6.0_31\jre\lib\ext;C:\WINDOWS\Sun\Java\lib\ext"/>
    <property name="sun.boot.class.path" value="C:\Program Files\Java\jdk1.6.0_31\jre\lib\resources.jar;C:\Program Files\Java\jdk1.6.0_31\jre\lib\rt.jar;C:\Program Files\Java\jdk1.6.0_31\jre\lib\sunrsasign.jar;C:\Program Files\Java\jdk1.6.0_31\jre\lib\jsse.jar;C:\Program Files\Java\jdk1.6.0_31\jre\lib\jce.jar;C:\Program Files\Java\jdk1.6.0_31\jre\lib\charsets.jar;C:\Program Files\Java\jdk1.6.0_31\jre\lib\modules\jdk.boot.jar;C:\Program Files\Java\jdk1.6.0_31\jre\classes"/>
    <property name="java.vendor" value="Sun Microsystems Inc."/>
    <property name="localRepository" value="D:\.m2\3.0.2\repository"/>
    <property name="file.separator" value="\"/>
    <property name="java.vendor.url.bug" value="http://java.sun.com/cgi-bin/bugreport.cgi"/>
    <property name="sun.cpu.endian" value="little"/>
    <property name="sun.io.unicode.encoding" value="UnicodeLittle"/>
    <property name="sun.desktop" value="windows"/>
    <property name="sun.cpu.isalist" value="pentium_pro+mmx pentium_pro pentium+mmx pentium i486 i386 i86"/>
  </properties>
  <testcase time="0.001" classname="com.ctb.utils.MSSRequestScoreTest" name="testRun"/>
  <testcase time="0" classname="com.ctb.utils.MSSRequestScoreTest" name="testProcessStudentResponse"/>
</testsuite>